[debug] [2018-11-13T23:49:22.455Z] ----------------------------------------------------------------------
[debug] [2018-11-13T23:49:22.457Z] Command:       /usr/local/bin/node /usr/local/bin/firebase serve
[debug] [2018-11-13T23:49:22.457Z] CLI Version:   6.0.1
[debug] [2018-11-13T23:49:22.457Z] Platform:      darwin
[debug] [2018-11-13T23:49:22.457Z] Node Version:  v8.12.0
[debug] [2018-11-13T23:49:22.458Z] Time:          Tue Nov 13 2018 15:49:22 GMT-0800 (PST)
[debug] [2018-11-13T23:49:22.458Z] ----------------------------------------------------------------------
[debug] 
[debug] [2018-11-13T23:49:22.470Z] > command requires scopes: ["email","openid","https://www.googleapis.com/auth/cloudplatformprojects.readonly","https://www.googleapis.com/auth/firebase","https://www.googleapis.com/auth/cloud-platform"]
[debug] [2018-11-13T23:49:22.471Z] > authorizing via signed-in user
[debug] [2018-11-13T23:49:22.471Z] [iam] checking project timelime-96d47 for permissions ["firebase.projects.get"]
[debug] [2018-11-13T23:49:22.472Z] > refreshing access token with scopes: ["email","https://www.googleapis.com/auth/cloud-platform","https://www.googleapis.com/auth/cloudplatformprojects.readonly","https://www.googleapis.com/auth/firebase","openid"]
[debug] [2018-11-13T23:49:22.472Z] >>> HTTP REQUEST POST https://www.googleapis.com/oauth2/v3/token  
 <request body omitted>
[debug] [2018-11-13T23:49:22.596Z] <<< HTTP RESPONSE 200
[debug] [2018-11-13T23:49:22.617Z] >>> HTTP REQUEST POST https://cloudresourcemanager.googleapis.com/v1/projects/timelime-96d47:testIamPermissions  

[debug] [2018-11-13T23:49:22.823Z] <<< HTTP RESPONSE 200
[debug] [2018-11-13T23:49:22.824Z] >>> HTTP REQUEST GET https://cloudresourcemanager.googleapis.com/v1/projects/timelime-96d47  
 
[debug] [2018-11-13T23:49:23.124Z] <<< HTTP RESPONSE 200
[info] 
[info] === Serving from '/Users/miaaltieri/CS115/115timelime/timelime'...
[info] 
[info] i  functions: Preparing to emulate functions.
[debug] [2018-11-13T23:49:23.818Z] Fetching environment
[debug] [2018-11-13T23:49:23.820Z] >>> HTTP REQUEST GET https://mobilesdk-pa.googleapis.com/v1/projects/745633359616:getServerAppConfig  
 
[debug] [2018-11-13T23:49:23.820Z] >>> HTTP REQUEST GET https://mobilesdk-pa.googleapis.com/v1/projects/745633359616/clients/_:getWebAppConfig  
 
[debug] [2018-11-13T23:49:23.978Z] <<< HTTP RESPONSE 200
[debug] [2018-11-13T23:49:23.978Z] Starting @google-cloud/functions-emulator
[debug] [2018-11-13T23:49:24.169Z] <<< HTTP RESPONSE 200
[info] i  hosting: Serving hosting files from: dist
[info] ✔  hosting: Local server: http://localhost:5000
[debug] [2018-11-13T23:49:25.545Z] Parsing function triggers
[info] ✔  functions: addLike: http://localhost:5001/timelime-96d47/us-central1/addLike
[info] ✔  functions: removeLike: http://localhost:5001/timelime-96d47/us-central1/removeLike
[info] ✔  functions: addNewComment: http://localhost:5001/timelime-96d47/us-central1/addNewComment
[info] ✔  functions: addFakeUSer: http://localhost:5001/timelime-96d47/us-central1/addFakeUSer
[info] ✔  functions: searchUsers: http://localhost:5001/timelime-96d47/us-central1/searchUsers
[info] ✔  functions: main: http://localhost:5001/timelime-96d47/us-central1/main
[info] ✔  functions: addNewPost: http://localhost:5001/timelime-96d47/us-central1/addNewPost
[info] ✔  functions: santizeUsers: http://localhost:5001/timelime-96d47/us-central1/santizeUsers
